dh_prep
dh_prep
dh_installchangelogs
dh_installdocs
dh_installmenu
dh_installman
dh_desktop
dh_compress
dh_fixperms
dh_installdeb
dh_gencontrol
dh_md5sums
dh_builddeb
dh_prep
dh_prep
dh_installchangelogs
dh_installdocs
dh_installmenu
dh_installman
dh_desktop
dh_compress
dh_fixperms
dh_installdeb
dh_gencontrol
dh_md5sums
dh_builddeb
dh_prep
dh_prep
dh_installchangelogs
dh_installdocs
dh_installmenu
dh_installman
dh_desktop
dh_compress
dh_fixperms
dh_installdeb
dh_gencontrol
dh_md5sums
dh_builddeb
dh_prep
dh_prep
dh_prep
dh_prep
dh_installchangelogs
dh_installdocs
dh_installmenu
dh_installman
dh_desktop
dh_compress
dh_fixperms
dh_installdeb
dh_gencontrol
dh_md5sums
dh_builddeb
dh_prep
dh_prep
dh_installchangelogs
dh_installdocs
dh_installmenu
dh_installman
dh_desktop
dh_compress
dh_fixperms
dh_installdeb
dh_gencontrol
dh_md5sums
dh_builddeb
dh_prep
dh_prep
dh_installchangelogs
dh_installdocs
dh_installmenu
dh_installman
dh_desktop
dh_compress
dh_fixperms
dh_installdeb
dh_gencontrol
dh_md5sums
dh_builddeb
dh_installchangelogs
dh_installdocs
dh_installmenu
dh_installman
dh_desktop
dh_compress
dh_fixperms
dh_installdeb
dh_gencontrol
dh_md5sums
dh_builddeb
dh_installchangelogs
dh_installdocs
dh_compress
dh_fixperms
dh_installdeb
dh_gencontrol
dh_md5sums
dh_builddeb
